11:30:13.734 :: INFO :: event_controller -> __init__() :: EventController created
11:30:13.734 :: INFO :: base_event -> __init__() :: [12] created
11:30:13.734 :: INFO :: wrapped_event -> __init__() :: WrappedEvent: (BaseEvent([12]) --> exit) created
11:30:13.734 :: INFO :: event_controller -> add_event() :: BaseEvent([12]) with exit() added to EventController
11:30:13.735 :: INFO :: event_controller -> __init__() :: RenderController created
11:30:13.735 :: INFO :: event_controller -> __init__() :: EventController created
11:30:13.736 :: INFO :: base_event -> __init__() :: [25] created
11:30:13.736 :: INFO :: wrapped_event -> __init__() :: WrappedEvent: (RenderEvent([25]) --> draw) created
11:30:13.737 :: INFO :: event_controller -> add_event() :: RenderEvent([25]) with draw() added to RenderController
11:30:13.737 :: INFO :: base_event -> __init__() :: [26] created
11:30:13.737 :: INFO :: wrapped_event -> __init__() :: WrappedEvent: (BaseEvent([26]) --> update) created
11:30:13.740 :: INFO :: event_controller -> add_event() :: BaseEvent([26]) with update() added to EventController
11:30:13.740 :: INFO :: base_event -> __init__() :: [3, 2] created
11:30:13.741 :: INFO :: wrapped_event -> __init__() :: WrappedEvent: (KeyPressedEvent([3, 2]) --> move) created
11:30:13.741 :: INFO :: event_controller -> add_event() :: KeyPressedEvent([3, 2]) with move() added to EventController
11:30:13.741 :: INFO :: base_event -> __init__() :: [2] created
11:30:13.742 :: INFO :: wrapped_event -> __init__() :: WrappedEvent: (ButtonEvent([2]) --> change) created
11:30:13.742 :: INFO :: event_controller -> add_event() :: ButtonEvent([2]) with change() added to EventController
11:30:14.397 :: INFO :: key_pressed_event -> test() :: Key '100' pressed
11:30:14.580 :: INFO :: key_pressed_event -> test() :: Key '100' released
11:30:14.615 :: INFO :: key_pressed_event -> test() :: Key '119' pressed
11:30:14.785 :: INFO :: key_pressed_event -> test() :: Key '119' released
11:30:15.220 :: INFO :: key_pressed_event -> test() :: Key '115' pressed
11:30:15.363 :: INFO :: key_pressed_event -> test() :: Key '115' released
